<?xml version="1.0" encoding="UTF-8"?>
<!-- Generated by org.testng.reporters.JUnitReportReporter -->
<testsuite hostname="DESKTOP-LLRN7AL" name="Academy.E2EProject.homepage" tests="1" failures="0" timestamp="14 May 2020 11:25:18 GMT" time="20.544" errors="0">
  <testcase name="pagenavigation" time="20.544" classname="Academy.E2EProject.homepage"/>
</testsuite> <!-- Academy.E2EProject.homepage -->
