<?xml version="1.0" encoding="UTF-8"?>
<!-- Generated by org.testng.reporters.JUnitReportReporter -->
<testsuite hostname="DESKTOP-LLRN7AL" name="Academy.E2EProject.homepagetests" tests="2" failures="0" timestamp="27 May 2020 12:55:39 GMT" time="0.926" errors="0">
  <testcase name="loginsuccessfully" time="0.589" classname="Academy.E2EProject.homepagetests"/>
  <testcase name="loginsuccessfully" time="0.337" classname="Academy.E2EProject.homepagetests"/>
</testsuite> <!-- Academy.E2EProject.homepagetests -->
